<?xml version="1.0" encoding="UTF-8"?>
<!-- Generated by org.testng.reporters.JUnitReportReporter -->
<testsuite hostname="DESKTOP-WAKHRIKAR" failures="0" tests="2" name="TestNG.Example8_Keyword4_Timeout" time="4.058" errors="0" timestamp="2022-11-05T00:28:31 IST" skipped="0">
  <testcase classname="TestNG.Example8_Keyword4_Timeout" name="TC2" time="0.006"/>
  <system-out>
    <![CDATA[running TC2]]>
  </system-out>
  <testcase classname="TestNG.Example8_Keyword4_Timeout" name="TC1" time="4.052"/>
  <system-out>
    <![CDATA[running TC1]]>
  </system-out>
</testsuite> <!-- TestNG.Example8_Keyword4_Timeout -->
