<?xml version="1.0" encoding="UTF-8"?>
<!-- Generated by org.testng.reporters.JUnitReportReporter -->
<testsuite hostname="DESKTOP-WAKHRIKAR" failures="0" tests="2" name="TestNG.Example8_Keyword5_dependsOnMethods1" time="0.019" errors="0" timestamp="2022-11-05T00:38:11 IST" skipped="0">
  <testcase classname="TestNG.Example8_Keyword5_dependsOnMethods1" name="login" time="0.016"/>
  <system-out>
    <![CDATA[running login]]>
  </system-out>
  <testcase classname="TestNG.Example8_Keyword5_dependsOnMethods1" name="Logout" time="0.003"/>
  <system-out>
    <![CDATA[running logout]]>
  </system-out>
</testsuite> <!-- TestNG.Example8_Keyword5_dependsOnMethods1 -->
