<?xml version="1.0" encoding="UTF-8"?>
<!-- Generated by org.testng.reporters.JUnitReportReporter -->
<testsuite hostname="DESKTOP-WAKHRIKAR" failures="0" tests="2" name="TestNG.Example9_Sample3" time="0.028" errors="0" timestamp="2022-11-08T00:46:49 IST" skipped="0">
  <testcase classname="TestNG.Example9_Sample3" name="TC6" time="0.004"/>
  <system-out>
    <![CDATA[running TC6]]>
  </system-out>
  <testcase classname="TestNG.Example9_Sample3" name="TC5" time="0.024"/>
  <system-out>
    <![CDATA[running TC5]]>
  </system-out>
</testsuite> <!-- TestNG.Example9_Sample3 -->
