<?xml version="1.0" encoding="UTF-8"?>
<!-- Generated by org.testng.reporters.JUnitReportReporter -->
<testsuite hostname="DESKTOP-WAKHRIKAR" failures="0" tests="4" name="TestNG.Example10_sample4" time="0.014" errors="0" timestamp="2022-11-09T10:34:55 IST" skipped="0">
  <testcase classname="TestNG.Example10_sample4" name="TC6" time="0.003"/>
  <system-out>
    <![CDATA[running TC6]]>
  </system-out>
  <testcase classname="TestNG.Example10_sample4" name="TC8" time="0.005"/>
  <system-out>
    <![CDATA[running TC8]]>
  </system-out>
  <testcase classname="TestNG.Example10_sample4" name="TC5" time="0.003"/>
  <system-out>
    <![CDATA[running TC5]]>
  </system-out>
  <testcase classname="TestNG.Example10_sample4" name="TC7" time="0.003"/>
  <system-out>
    <![CDATA[running TC7]]>
  </system-out>
</testsuite> <!-- TestNG.Example10_sample4 -->
