<?xml version="1.0" encoding="UTF-8"?>
<!-- Generated by org.testng.reporters.JUnitReportReporter -->
<testsuite hostname="DESKTOP-WAKHRIKAR" failures="0" tests="1" name="POM_DDF_TestNG_BaseClass_UtilityClass.UpstoxloginText" time="17.114" errors="0" timestamp="2022-11-18T03:46:05 IST" skipped="0">
  <testcase classname="POM_DDF_TestNG_BaseClass_UtilityClass.UpstoxloginText" name="verifymyaccount" time="17.114"/>
  <system-out/>
</testsuite> <!-- POM_DDF_TestNG_BaseClass_UtilityClass.UpstoxloginText -->
