<?xml version="1.0" encoding="UTF-8"?>
<!-- Generated by org.testng.reporters.JUnitReportReporter -->
<testsuite hostname="DESKTOP-WAKHRIKAR" failures="0" tests="4" name="TestNG.Example8_KeyWord3_priority2" time="0.025" errors="0" timestamp="2022-11-05T00:21:36 IST" skipped="0">
  <testcase classname="TestNG.Example8_KeyWord3_priority2" name="TC4" time="0.002"/>
  <system-out>
    <![CDATA[running TC4]]>
  </system-out>
  <testcase classname="TestNG.Example8_KeyWord3_priority2" name="TC1" time="0.016"/>
  <system-out>
    <![CDATA[running TC1]]>
  </system-out>
  <testcase classname="TestNG.Example8_KeyWord3_priority2" name="TC3" time="0.005"/>
  <system-out>
    <![CDATA[running TC3]]>
  </system-out>
  <testcase classname="TestNG.Example8_KeyWord3_priority2" name="TC2" time="0.002"/>
  <system-out>
    <![CDATA[running TC2]]>
  </system-out>
</testsuite> <!-- TestNG.Example8_KeyWord3_priority2 -->
