<?xml version="1.0" encoding="UTF-8"?>
<!-- Generated by org.testng.reporters.JUnitReportReporter -->
<testsuite hostname="DESKTOP-WAKHRIKAR" failures="0" tests="3" name="TestNG.Example8_Keyword5_dependsOnMethod2" time="0.024" errors="0" timestamp="2022-11-05T00:44:59 IST" skipped="0">
  <testcase classname="TestNG.Example8_Keyword5_dependsOnMethod2" name="login1" time="0.019"/>
  <system-out>
    <![CDATA[running login1]]>
  </system-out>
  <testcase classname="TestNG.Example8_Keyword5_dependsOnMethod2" name="Logout" time="0.002"/>
  <system-out>
    <![CDATA[running logout]]>
  </system-out>
  <testcase classname="TestNG.Example8_Keyword5_dependsOnMethod2" name="login2" time="0.003"/>
  <system-out>
    <![CDATA[running login2]]>
  </system-out>
</testsuite> <!-- TestNG.Example8_Keyword5_dependsOnMethod2 -->
