<?xml version="1.0" encoding="UTF-8"?>
<!-- Generated by org.testng.reporters.JUnitReportReporter -->
<testsuite hostname="DESKTOP-WAKHRIKAR" failures="0" tests="3" name="TestNG.Example6_EmailableReport1" time="0.033" errors="0" timestamp="2022-11-04T00:49:42 IST" skipped="0">
  <testcase classname="TestNG.Example6_EmailableReport1" name="TC6" time="0.002"/>
  <system-out>
    <![CDATA[running test case 6]]>
  </system-out>
  <testcase classname="TestNG.Example6_EmailableReport1" name="TC4" time="0.027"/>
  <system-out>
    <![CDATA[running test case 4]]>
  </system-out>
  <testcase classname="TestNG.Example6_EmailableReport1" name="TC5" time="0.004"/>
  <system-out>
    <![CDATA[running test case 5]]>
  </system-out>
</testsuite> <!-- TestNG.Example6_EmailableReport1 -->
