<?xml version="1.0" encoding="UTF-8"?>
<!-- Generated by org.testng.reporters.JUnitReportReporter -->
<testsuite hostname="DESKTOP-WAKHRIKAR" failures="0" tests="3" name="TestNG.Example8_KeyWord3_Priority1" time="0.056" errors="0" timestamp="2022-11-05T00:13:11 IST" skipped="0">
  <testcase classname="TestNG.Example8_KeyWord3_Priority1" name="TC3" time="0.047"/>
  <system-out>
    <![CDATA[rinnung TC3 ]]>
  </system-out>
  <testcase classname="TestNG.Example8_KeyWord3_Priority1" name="TC2" time="0.004"/>
  <system-out>
    <![CDATA[running TC2]]>
  </system-out>
  <testcase classname="TestNG.Example8_KeyWord3_Priority1" name="TC1" time="0.005"/>
  <system-out>
    <![CDATA[running TC1]]>
  </system-out>
</testsuite> <!-- TestNG.Example8_KeyWord3_Priority1 -->
