<?xml version="1.0" encoding="UTF-8"?>
<!-- Generated by org.testng.reporters.JUnitReportReporter -->
<testsuite hostname="DESKTOP-WAKHRIKAR" failures="0" tests="4" name="TestNG.Example11_grouping1" time="0.053" errors="0" timestamp="2022-11-09T20:19:43 IST" skipped="0">
  <testcase classname="TestNG.Example11_grouping1" name="TC2" time="0.005"/>
  <system-out>
    <![CDATA[running TC2]]>
  </system-out>
  <testcase classname="TestNG.Example11_grouping1" name="TC4" time="0.007"/>
  <system-out>
    <![CDATA[running TC4]]>
  </system-out>
  <testcase classname="TestNG.Example11_grouping1" name="TC1" time="0.037"/>
  <system-out>
    <![CDATA[running TC1]]>
  </system-out>
  <testcase classname="TestNG.Example11_grouping1" name="TC3" time="0.004"/>
  <system-out>
    <![CDATA[running TC3]]>
  </system-out>
</testsuite> <!-- TestNG.Example11_grouping1 -->
