<?xml version="1.0" encoding="UTF-8"?>
<!-- Generated by org.testng.reporters.JUnitReportReporter -->
<testsuite hostname="DESKTOP-WAKHRIKAR" failures="0" tests="1" name="TestNG.Example7_TestNgAnnotations" time="0.021" errors="0" timestamp="2022-11-04T01:25:48 IST" skipped="0">
  <testcase classname="TestNG.Example7_TestNgAnnotations" name="VerifyUserID" time="0.021"/>
  <system-out>
    <![CDATA[running verify userID]]>
  </system-out>
</testsuite> <!-- TestNG.Example7_TestNgAnnotations -->
