<?xml version="1.0" encoding="UTF-8"?>
<!-- Generated by org.testng.reporters.JUnitReportReporter -->
<testsuite hostname="DESKTOP-WAKHRIKAR" failures="0" tests="3" name="TestNG.Example8_DisableTCExectutionFrom_TestClass" time="0.016" errors="0" timestamp="2022-11-08T02:08:03 IST" skipped="1">
  <testcase classname="TestNG.Example8_DisableTCExectutionFrom_TestClass" name="TC2" time="0.002"/>
  <system-out>
    <![CDATA[running TC2,true]]>
  </system-out>
  <testcase classname="TestNG.Example8_DisableTCExectutionFrom_TestClass" name="TC1" time="0.014"/>
  <system-out>
    <![CDATA[running TC1,true]]>
  </system-out>
  <testcase classname="TestNG.Example8_DisableTCExectutionFrom_TestClass" name="TC3">
    <skipped/>
  </testcase> <!-- TC3 -->
  <system-out/>
</testsuite> <!-- TestNG.Example8_DisableTCExectutionFrom_TestClass -->
