<?xml version="1.0" encoding="UTF-8"?>
<!-- Generated by org.testng.reporters.JUnitReportReporter -->
<testsuite hostname="DESKTOP-WAKHRIKAR" failures="0" tests="3" name="TestNG.Example3_EmailableReport" time="0.043" errors="0" timestamp="2022-11-03T11:14:04 IST" skipped="0">
  <testcase classname="TestNG.Example3_EmailableReport" name="TC3" time="0.002"/>
  <system-out>
    <![CDATA[running test case 3]]>
  </system-out>
  <testcase classname="TestNG.Example3_EmailableReport" name="TC2" time="0.003"/>
  <system-out>
    <![CDATA[running test case 2]]>
  </system-out>
  <testcase classname="TestNG.Example3_EmailableReport" name="TC1" time="0.038"/>
  <system-out>
    <![CDATA[running test case 1]]>
  </system-out>
</testsuite> <!-- TestNG.Example3_EmailableReport -->
