<?xml version="1.0" encoding="UTF-8"?>
<!-- Generated by org.testng.reporters.JUnitReportReporter -->
<testsuite hostname="DESKTOP-WAKHRIKAR" failures="0" tests="4" name="TestNG.Example8_Sample1" time="0.034" errors="0" timestamp="2022-11-08T02:15:27 IST" skipped="0">
  <testcase classname="TestNG.Example8_Sample1" name="TC3" time="0.011"/>
  <system-out>
    <![CDATA[running TC3]]>
  </system-out>
  <testcase classname="TestNG.Example8_Sample1" name="TC4" time="0.005"/>
  <system-out>
    <![CDATA[running TC4]]>
  </system-out>
  <testcase classname="TestNG.Example8_Sample1" name="TC1" time="0.016"/>
  <system-out>
    <![CDATA[running TC1]]>
  </system-out>
  <testcase classname="TestNG.Example8_Sample1" name="TC2" time="0.002"/>
  <system-out>
    <![CDATA[running TC2]]>
  </system-out>
</testsuite> <!-- TestNG.Example8_Sample1 -->
