<?xml version="1.0" encoding="UTF-8"?>
<!-- Generated by org.testng.reporters.JUnitReportReporter -->
<testsuite hostname="DESKTOP-WAKHRIKAR" failures="0" tests="3" name="TestNG.Example8_Keyword3_Enabled" time="0.018" errors="0" timestamp="2022-11-08T02:32:20 IST" skipped="2">
  <testcase classname="TestNG.Example8_Keyword3_Enabled" name="TC1" time="0.018"/>
  <system-out>
    <![CDATA[running TC1,true]]>
  </system-out>
  <testcase classname="TestNG.Example8_Keyword3_Enabled" name="TC2">
    <skipped/>
  </testcase> <!-- TC2 -->
  <system-out/>
  <testcase classname="TestNG.Example8_Keyword3_Enabled" name="TC3">
    <skipped/>
  </testcase> <!-- TC3 -->
  <system-out/>
</testsuite> <!-- TestNG.Example8_Keyword3_Enabled -->
