<?xml version="1.0" encoding="UTF-8"?>
<!-- Generated by org.testng.reporters.JUnitReportReporter -->
<testsuite hostname="DESKTOP-WAKHRIKAR" failures="0" tests="1" name="TestNG.Example12_Parallel2" time="23.929" errors="0" timestamp="2022-11-10T05:32:27 IST" skipped="0">
  <testcase classname="TestNG.Example12_Parallel2" name="openFacebookApp" time="23.929"/>
  <system-out/>
</testsuite> <!-- TestNG.Example12_Parallel2 -->
