<?xml version="1.0" encoding="UTF-8"?>
<!-- Generated by org.testng.reporters.JUnitReportReporter -->
<testsuite hostname="DESKTOP-WAKHRIKAR" failures="0" tests="1" name="TestNG.Example8_KeyWord2_Enabled" time="0.016" errors="0" timestamp="2022-11-04T01:34:59 IST" skipped="0">
  <testcase classname="TestNG.Example8_KeyWord2_Enabled" name="TC1" time="0.016"/>
  <system-out>
    <![CDATA[--running TC1--]]>
  </system-out>
</testsuite> <!-- TestNG.Example8_KeyWord2_Enabled -->
